<?xml version="1.0" encoding="UTF-8"?>
<!-- Generated by org.testng.reporters.JUnitReportReporter -->
<testsuite hostname="Anjani-window-10" name="com.crm.qa.tests.HomePageTest" tests="3" failures="0" timestamp="14 May 2019 08:09:21 GMT" time="51.815" errors="0">
  <testcase name="verifyContactLinkTest" time="17.597" classname="com.crm.qa.tests.HomePageTest"/>
  <testcase name="verifyUserNameTest" time="16.959" classname="com.crm.qa.tests.HomePageTest"/>
  <testcase name="verifyHomePageTitleTest" time="17.259" classname="com.crm.qa.tests.HomePageTest"/>
</testsuite> <!-- com.crm.qa.tests.HomePageTest -->
