<?xml version="1.0" encoding="UTF-8"?>
<!-- Generated by org.testng.reporters.JUnitReportReporter -->
<testsuite hostname="Anjani-window-10" name="com.crm.qa.tests.ContactPageTest" tests="5" failures="0" timestamp="14 May 2019 08:09:21 GMT" time="121.510" errors="0">
  <testcase name="validateCreateNewContact" time="24.698" classname="com.crm.qa.tests.ContactPageTest"/>
  <testcase name="selectsingleContactTest" time="22.527" classname="com.crm.qa.tests.ContactPageTest"/>
  <testcase name="validateCreateNewContact" time="24.296" classname="com.crm.qa.tests.ContactPageTest"/>
  <testcase name="verifyContactLevelTest" time="26.290" classname="com.crm.qa.tests.ContactPageTest"/>
  <testcase name="selectMultipleContactTest" time="23.699" classname="com.crm.qa.tests.ContactPageTest"/>
</testsuite> <!-- com.crm.qa.tests.ContactPageTest -->
